<?xml version="1.0" encoding="UTF-8"?>
<!-- Generated by org.testng.reporters.JUnitXMLReporter -->
<testsuite ignored="2" hostname="DESKTOP-MH9AQVT" failures="0" tests="2" name="RegressionTestOnChrome" time="1.104" errors="0" timestamp="2024-03-26T09:10:51 IST">
  <testcase classname="script.DemoTest" name="testValidLogin" time="0.001">
    <skipped/>
  </testcase> <!-- testValidLogin -->
  <testcase classname="script.DemoTest2" name="testInvalidLogin" time="0.0">
    <skipped/>
  </testcase> <!-- testInvalidLogin -->
  <testcase classname="generic.BaseTest" name="@AfterSuite publishReport" time="0.0">
    <ignored/>
  </testcase> <!-- @AfterSuite publishReport -->
  <testcase classname="generic.BaseTest" name="@BeforeSuite initReport" time="0.0">
    <ignored/>
  </testcase> <!-- @BeforeSuite initReport -->
</testsuite> <!-- RegressionTestOnChrome -->
