<?xml version="1.0" encoding="UTF-8"?>
<testng-results ignored="0" total="8" passed="4" failed="4" skipped="0">
  <reporter-output>
    <line>
      <![CDATA[Mkart | OSPOS | Login]]>
    </line>
    <line>
      <![CDATA[Mkart | OSPOS | Login]]>
    </line>
    <line>
      <![CDATA[Mkart | OSPOS | Login]]>
    </line>
    <line>
      <![CDATA[Mkart | OSPOS | Login]]>
    </line>
    <line>
      <![CDATA[HomePage is NOT Displayed]]>
    </line>
    <line>
      <![CDATA[HomePage is NOT Displayed]]>
    </line>
    <line>
      <![CDATA[ErrMsg is Displayed:Invalid username and/or password.]]>
    </line>
    <line>
      <![CDATA[ErrMsg is Displayed:Invalid username and/or password.]]>
    </line>
  </reporter-output>
  <suite started-at="2024-03-27T11:50:56 IST" name="AutomationSuite" finished-at="2024-03-27T11:52:01 IST" duration-ms="64883">
    <groups>
    </groups>
    <test started-at="2024-03-27T11:50:56 IST" name="RegressionTestOnChrome" finished-at="2024-03-27T11:51:53 IST" duration-ms="56240">
      <class name="script.InvalidLogin">
        <test-method is-config="true" signature="preCondition(java.lang.reflect.Method,java.lang.String,java.lang.String,java.lang.String)[pri:0, instance:script.InvalidLogin@26794848]" started-at="2024-03-27T11:51:45 IST" name="preCondition" finished-at="2024-03-27T11:51:49 IST" duration-ms="3392" status="PASS">
          <params>
            <param index="0">
              <value>
                <![CDATA[public void script.InvalidLogin.testInvalidLogin()]]>
              </value>
            </param>
            <param index="1">
              <value>
                <![CDATA[chrome]]>
              </value>
            </param>
            <param index="2">
              <value>
                <![CDATA[No]]>
              </value>
            </param>
            <param index="3">
              <value>
                <![CDATA[http://localhost:4444]]>
              </value>
            </param>
          </params>
          <reporter-output>
          </reporter-output>
        </test-method> <!-- preCondition -->
        <test-method signature="testInvalidLogin()[pri:2, instance:script.InvalidLogin@26794848]" started-at="2024-03-27T11:51:49 IST" name="testInvalidLogin" finished-at="2024-03-27T11:51:50 IST" duration-ms="1461" status="PASS">
          <reporter-output>
            <line>
              <![CDATA[ErrMsg is Displayed:Invalid username and/or password.]]>
            </line>
          </reporter-output>
        </test-method> <!-- testInvalidLogin -->
        <test-method is-config="true" signature="postCondition(org.testng.ITestResult)[pri:0, instance:script.InvalidLogin@26794848]" started-at="2024-03-27T11:51:50 IST" name="postCondition" finished-at="2024-03-27T11:51:53 IST" duration-ms="2661" status="PASS">
          <params>
            <param index="0">
              <value>
                <![CDATA[[TestResult name=testInvalidLogin status=SUCCESS method=InvalidLogin.testInvalidLogin()[pri:2, instance:script.InvalidLogin@26794848] output=ErrMsg is Displayed:Invalid username and/or password.]]]>
              </value>
            </param>
          </params>
          <reporter-output>
          </reporter-output>
        </test-method> <!-- postCondition -->
      </class> <!-- script.InvalidLogin -->
      <class name="script.DemoTest2">
        <test-method is-config="true" signature="preCondition(java.lang.reflect.Method,java.lang.String,java.lang.String,java.lang.String)[pri:0, instance:script.DemoTest2@bcec361]" started-at="2024-03-27T11:50:57 IST" name="preCondition" finished-at="2024-03-27T11:51:04 IST" duration-ms="7711" status="PASS">
          <params>
            <param index="0">
              <value>
                <![CDATA[public void script.DemoTest2.testInvalidLogin()]]>
              </value>
            </param>
            <param index="1">
              <value>
                <![CDATA[chrome]]>
              </value>
            </param>
            <param index="2">
              <value>
                <![CDATA[No]]>
              </value>
            </param>
            <param index="3">
              <value>
                <![CDATA[http://localhost:4444]]>
              </value>
            </param>
          </params>
          <reporter-output>
          </reporter-output>
        </test-method> <!-- preCondition -->
        <test-method signature="testInvalidLogin()[pri:0, instance:script.DemoTest2@bcec361]" started-at="2024-03-27T11:51:04 IST" name="testInvalidLogin" finished-at="2024-03-27T11:51:04 IST" duration-ms="70" status="PASS">
          <reporter-output>
            <line>
              <![CDATA[Mkart | OSPOS | Login]]>
            </line>
          </reporter-output>
        </test-method> <!-- testInvalidLogin -->
        <test-method is-config="true" signature="postCondition(org.testng.ITestResult)[pri:0, instance:script.DemoTest2@bcec361]" started-at="2024-03-27T11:51:04 IST" name="postCondition" finished-at="2024-03-27T11:51:09 IST" duration-ms="4754" status="PASS">
          <params>
            <param index="0">
              <value>
                <![CDATA[[TestResult name=testInvalidLogin status=SUCCESS method=DemoTest2.testInvalidLogin()[pri:0, instance:script.DemoTest2@bcec361] output=Mkart | OSPOS | Login]]]>
              </value>
            </param>
          </params>
          <reporter-output>
          </reporter-output>
        </test-method> <!-- postCondition -->
      </class> <!-- script.DemoTest2 -->
      <class name="script.ValidLogin">
        <test-method is-config="true" signature="preCondition(java.lang.reflect.Method,java.lang.String,java.lang.String,java.lang.String)[pri:0, instance:script.ValidLogin@302552ec]" started-at="2024-03-27T11:51:17 IST" name="preCondition" finished-at="2024-03-27T11:51:21 IST" duration-ms="3815" status="PASS">
          <params>
            <param index="0">
              <value>
                <![CDATA[public void script.ValidLogin.testValidLogin()]]>
              </value>
            </param>
            <param index="1">
              <value>
                <![CDATA[chrome]]>
              </value>
            </param>
            <param index="2">
              <value>
                <![CDATA[No]]>
              </value>
            </param>
            <param index="3">
              <value>
                <![CDATA[http://localhost:4444]]>
              </value>
            </param>
          </params>
          <reporter-output>
          </reporter-output>
        </test-method> <!-- preCondition -->
        <test-method signature="testValidLogin()[pri:1, instance:script.ValidLogin@302552ec]" started-at="2024-03-27T11:51:21 IST" name="testValidLogin" finished-at="2024-03-27T11:51:42 IST" duration-ms="21241" status="FAIL">
          <exception class="java.lang.AssertionError">
            <message>
              <![CDATA[expected [true] but found [false]]]>
            </message>
            <full-stacktrace>
              <![CDATA[java.lang.AssertionError: expected [true] but found [false]
at org.testng.Assert.fail(Assert.java:111)
at org.testng.Assert.failNotEquals(Assert.java:1578)
at org.testng.Assert.assertTrue(Assert.java:57)
at org.testng.Assert.assertTrue(Assert.java:67)
at script.ValidLogin.testValidLogin(ValidLogin.java:36)
at java.base/jdk.internal.reflect.DirectMethodHandleAccessor.invoke(DirectMethodHandleAccessor.java:103)
at java.base/java.lang.reflect.Method.invoke(Method.java:580)
at org.testng.internal.invokers.MethodInvocationHelper.invokeMethod(MethodInvocationHelper.java:139)
at org.testng.internal.invokers.TestInvoker.invokeMethod(TestInvoker.java:664)
at org.testng.internal.invokers.TestInvoker.invokeTestMethod(TestInvoker.java:228)
at org.testng.internal.invokers.MethodRunner.runInSequence(MethodRunner.java:63)
at org.testng.internal.invokers.TestInvoker$MethodInvocationAgent.invoke(TestInvoker.java:961)
at org.testng.internal.invokers.TestInvoker.invokeTestMethods(TestInvoker.java:201)
at org.testng.internal.invokers.TestMethodWorker.invokeTestMethods(TestMethodWorker.java:148)
at org.testng.internal.invokers.TestMethodWorker.run(TestMethodWorker.java:128)
at java.base/java.util.ArrayList.forEach(ArrayList.java:1596)
at org.testng.TestRunner.privateRun(TestRunner.java:819)
at org.testng.TestRunner.run(TestRunner.java:619)
at org.testng.SuiteRunner.runTest(SuiteRunner.java:443)
at org.testng.SuiteRunner$SuiteWorker.run(SuiteRunner.java:481)
at org.testng.internal.thread.ThreadUtil.lambda$execute$0(ThreadUtil.java:58)
at java.base/java.util.concurrent.FutureTask.run(FutureTask.java:317)
at java.base/java.util.concurrent.ThreadPoolExecutor.runWorker(ThreadPoolExecutor.java:1144)
at java.base/java.util.concurrent.ThreadPoolExecutor$Worker.run(ThreadPoolExecutor.java:642)
at java.base/java.lang.Thread.run(Thread.java:1583)
]]>
            </full-stacktrace>
          </exception> <!-- java.lang.AssertionError -->
          <reporter-output>
            <line>
              <![CDATA[HomePage is NOT Displayed]]>
            </line>
          </reporter-output>
        </test-method> <!-- testValidLogin -->
        <test-method is-config="true" signature="postCondition(org.testng.ITestResult)[pri:0, instance:script.ValidLogin@302552ec]" started-at="2024-03-27T11:51:42 IST" name="postCondition" finished-at="2024-03-27T11:51:45 IST" duration-ms="2805" status="PASS">
          <params>
            <param index="0">
              <value>
                <![CDATA[[TestResult name=testValidLogin status=FAILURE method=ValidLogin.testValidLogin()[pri:1, instance:script.ValidLogin@302552ec] output=HomePage is NOT Displayed]]]>
              </value>
            </param>
          </params>
          <reporter-output>
          </reporter-output>
        </test-method> <!-- postCondition -->
      </class> <!-- script.ValidLogin -->
      <class name="script.DemoTest">
        <test-method is-config="true" signature="initReport()[pri:0, instance:script.DemoTest@4e08711f]" started-at="2024-03-27T11:50:55 IST" name="initReport" finished-at="2024-03-27T11:50:56 IST" duration-ms="1555" status="PASS">
          <reporter-output>
          </reporter-output>
        </test-method> <!-- initReport -->
        <test-method is-config="true" signature="preCondition(java.lang.reflect.Method,java.lang.String,java.lang.String,java.lang.String)[pri:0, instance:script.DemoTest@4e08711f]" started-at="2024-03-27T11:51:09 IST" name="preCondition" finished-at="2024-03-27T11:51:13 IST" duration-ms="3886" status="PASS">
          <params>
            <param index="0">
              <value>
                <![CDATA[public void script.DemoTest.testValidLogin()]]>
              </value>
            </param>
            <param index="1">
              <value>
                <![CDATA[chrome]]>
              </value>
            </param>
            <param index="2">
              <value>
                <![CDATA[No]]>
              </value>
            </param>
            <param index="3">
              <value>
                <![CDATA[http://localhost:4444]]>
              </value>
            </param>
          </params>
          <reporter-output>
          </reporter-output>
        </test-method> <!-- preCondition -->
        <test-method signature="testValidLogin()[pri:0, instance:script.DemoTest@4e08711f]" started-at="2024-03-27T11:51:13 IST" name="testValidLogin" finished-at="2024-03-27T11:51:13 IST" duration-ms="257" status="FAIL">
          <exception class="java.lang.AssertionError">
            <message>
              <![CDATA[expected [xyz] but found [abc]]]>
            </message>
            <full-stacktrace>
              <![CDATA[java.lang.AssertionError: expected [xyz] but found [abc]
at org.testng.Assert.fail(Assert.java:111)
at org.testng.Assert.failNotEquals(Assert.java:1578)
at org.testng.Assert.assertEqualsImpl(Assert.java:150)
at org.testng.Assert.assertEquals(Assert.java:132)
at org.testng.Assert.assertEquals(Assert.java:656)
at org.testng.Assert.assertEquals(Assert.java:666)
at script.DemoTest.testValidLogin(DemoTest.java:19)
at java.base/jdk.internal.reflect.DirectMethodHandleAccessor.invoke(DirectMethodHandleAccessor.java:103)
at java.base/java.lang.reflect.Method.invoke(Method.java:580)
at org.testng.internal.invokers.MethodInvocationHelper.invokeMethod(MethodInvocationHelper.java:139)
at org.testng.internal.invokers.TestInvoker.invokeMethod(TestInvoker.java:664)
at org.testng.internal.invokers.TestInvoker.invokeTestMethod(TestInvoker.java:228)
at org.testng.internal.invokers.MethodRunner.runInSequence(MethodRunner.java:63)
at org.testng.internal.invokers.TestInvoker$MethodInvocationAgent.invoke(TestInvoker.java:961)
at org.testng.internal.invokers.TestInvoker.invokeTestMethods(TestInvoker.java:201)
at org.testng.internal.invokers.TestMethodWorker.invokeTestMethods(TestMethodWorker.java:148)
at org.testng.internal.invokers.TestMethodWorker.run(TestMethodWorker.java:128)
at java.base/java.util.ArrayList.forEach(ArrayList.java:1596)
at org.testng.TestRunner.privateRun(TestRunner.java:819)
at org.testng.TestRunner.run(TestRunner.java:619)
at org.testng.SuiteRunner.runTest(SuiteRunner.java:443)
at org.testng.SuiteRunner$SuiteWorker.run(SuiteRunner.java:481)
at org.testng.internal.thread.ThreadUtil.lambda$execute$0(ThreadUtil.java:58)
at java.base/java.util.concurrent.FutureTask.run(FutureTask.java:317)
at java.base/java.util.concurrent.ThreadPoolExecutor.runWorker(ThreadPoolExecutor.java:1144)
at java.base/java.util.concurrent.ThreadPoolExecutor$Worker.run(ThreadPoolExecutor.java:642)
at java.base/java.lang.Thread.run(Thread.java:1583)
]]>
            </full-stacktrace>
          </exception> <!-- java.lang.AssertionError -->
          <reporter-output>
            <line>
              <![CDATA[Mkart | OSPOS | Login]]>
            </line>
          </reporter-output>
        </test-method> <!-- testValidLogin -->
        <test-method is-config="true" signature="postCondition(org.testng.ITestResult)[pri:0, instance:script.DemoTest@4e08711f]" started-at="2024-03-27T11:51:13 IST" name="postCondition" finished-at="2024-03-27T11:51:17 IST" duration-ms="4028" status="PASS">
          <params>
            <param index="0">
              <value>
                <![CDATA[[TestResult name=testValidLogin status=FAILURE method=DemoTest.testValidLogin()[pri:0, instance:script.DemoTest@4e08711f] output=Mkart | OSPOS | Login]]]>
              </value>
            </param>
          </params>
          <reporter-output>
          </reporter-output>
        </test-method> <!-- postCondition -->
        <test-method is-config="true" signature="publishReport()[pri:0, instance:script.DemoTest@4e08711f]" started-at="2024-03-27T11:52:01 IST" name="publishReport" finished-at="2024-03-27T11:52:02 IST" duration-ms="897" status="PASS">
          <reporter-output>
          </reporter-output>
        </test-method> <!-- publishReport -->
      </class> <!-- script.DemoTest -->
    </test> <!-- RegressionTestOnChrome -->
    <test started-at="2024-03-27T11:50:56 IST" name="RegressionTestOnEdge" finished-at="2024-03-27T11:52:01 IST" duration-ms="64883">
      <class name="script.InvalidLogin">
        <test-method is-config="true" signature="preCondition(java.lang.reflect.Method,java.lang.String,java.lang.String,java.lang.String)[pri:0, instance:script.InvalidLogin@6025e1b6]" started-at="2024-03-27T11:51:53 IST" name="preCondition" finished-at="2024-03-27T11:51:56 IST" duration-ms="3452" status="PASS">
          <params>
            <param index="0">
              <value>
                <![CDATA[public void script.InvalidLogin.testInvalidLogin()]]>
              </value>
            </param>
            <param index="1">
              <value>
                <![CDATA[edge]]>
              </value>
            </param>
            <param index="2">
              <value>
                <![CDATA[No]]>
              </value>
            </param>
            <param index="3">
              <value>
                <![CDATA[https://oauth-subhashri.padmalaya-168a0:aa2d7d68-ed7b-403f-b5ab-e62f5e31eb0d@ondemand.eu-central-1.saucelabs.com:443/wd/hub]]>
              </value>
            </param>
          </params>
          <reporter-output>
          </reporter-output>
        </test-method> <!-- preCondition -->
        <test-method signature="testInvalidLogin()[pri:2, instance:script.InvalidLogin@6025e1b6]" started-at="2024-03-27T11:51:56 IST" name="testInvalidLogin" finished-at="2024-03-27T11:51:57 IST" duration-ms="1232" status="PASS">
          <reporter-output>
            <line>
              <![CDATA[ErrMsg is Displayed:Invalid username and/or password.]]>
            </line>
          </reporter-output>
        </test-method> <!-- testInvalidLogin -->
        <test-method is-config="true" signature="postCondition(org.testng.ITestResult)[pri:0, instance:script.InvalidLogin@6025e1b6]" started-at="2024-03-27T11:51:57 IST" name="postCondition" finished-at="2024-03-27T11:52:01 IST" duration-ms="4045" status="PASS">
          <params>
            <param index="0">
              <value>
                <![CDATA[[TestResult name=testInvalidLogin status=SUCCESS method=InvalidLogin.testInvalidLogin()[pri:2, instance:script.InvalidLogin@6025e1b6] output=ErrMsg is Displayed:Invalid username and/or password.]]]>
              </value>
            </param>
          </params>
          <reporter-output>
          </reporter-output>
        </test-method> <!-- postCondition -->
      </class> <!-- script.InvalidLogin -->
      <class name="script.DemoTest2">
        <test-method is-config="true" signature="preCondition(java.lang.reflect.Method,java.lang.String,java.lang.String,java.lang.String)[pri:0, instance:script.DemoTest2@40a4337a]" started-at="2024-03-27T11:50:57 IST" name="preCondition" finished-at="2024-03-27T11:51:06 IST" duration-ms="9256" status="PASS">
          <params>
            <param index="0">
              <value>
                <![CDATA[public void script.DemoTest2.testInvalidLogin()]]>
              </value>
            </param>
            <param index="1">
              <value>
                <![CDATA[edge]]>
              </value>
            </param>
            <param index="2">
              <value>
                <![CDATA[No]]>
              </value>
            </param>
            <param index="3">
              <value>
                <![CDATA[https://oauth-subhashri.padmalaya-168a0:aa2d7d68-ed7b-403f-b5ab-e62f5e31eb0d@ondemand.eu-central-1.saucelabs.com:443/wd/hub]]>
              </value>
            </param>
          </params>
          <reporter-output>
          </reporter-output>
        </test-method> <!-- preCondition -->
        <test-method signature="testInvalidLogin()[pri:0, instance:script.DemoTest2@40a4337a]" started-at="2024-03-27T11:51:06 IST" name="testInvalidLogin" finished-at="2024-03-27T11:51:06 IST" duration-ms="30" status="PASS">
          <reporter-output>
            <line>
              <![CDATA[Mkart | OSPOS | Login]]>
            </line>
          </reporter-output>
        </test-method> <!-- testInvalidLogin -->
        <test-method is-config="true" signature="postCondition(org.testng.ITestResult)[pri:0, instance:script.DemoTest2@40a4337a]" started-at="2024-03-27T11:51:06 IST" name="postCondition" finished-at="2024-03-27T11:51:10 IST" duration-ms="3978" status="PASS">
          <params>
            <param index="0">
              <value>
                <![CDATA[[TestResult name=testInvalidLogin status=SUCCESS method=DemoTest2.testInvalidLogin()[pri:0, instance:script.DemoTest2@40a4337a] output=Mkart | OSPOS | Login]]]>
              </value>
            </param>
          </params>
          <reporter-output>
          </reporter-output>
        </test-method> <!-- postCondition -->
      </class> <!-- script.DemoTest2 -->
      <class name="script.ValidLogin">
        <test-method is-config="true" signature="preCondition(java.lang.reflect.Method,java.lang.String,java.lang.String,java.lang.String)[pri:0, instance:script.ValidLogin@22ff4249]" started-at="2024-03-27T11:51:23 IST" name="preCondition" finished-at="2024-03-27T11:51:27 IST" duration-ms="3420" status="PASS">
          <params>
            <param index="0">
              <value>
                <![CDATA[public void script.ValidLogin.testValidLogin()]]>
              </value>
            </param>
            <param index="1">
              <value>
                <![CDATA[edge]]>
              </value>
            </param>
            <param index="2">
              <value>
                <![CDATA[No]]>
              </value>
            </param>
            <param index="3">
              <value>
                <![CDATA[https://oauth-subhashri.padmalaya-168a0:aa2d7d68-ed7b-403f-b5ab-e62f5e31eb0d@ondemand.eu-central-1.saucelabs.com:443/wd/hub]]>
              </value>
            </param>
          </params>
          <reporter-output>
          </reporter-output>
        </test-method> <!-- preCondition -->
        <test-method signature="testValidLogin()[pri:1, instance:script.ValidLogin@22ff4249]" started-at="2024-03-27T11:51:27 IST" name="testValidLogin" finished-at="2024-03-27T11:51:48 IST" duration-ms="21419" status="FAIL">
          <exception class="java.lang.AssertionError">
            <message>
              <![CDATA[expected [true] but found [false]]]>
            </message>
            <full-stacktrace>
              <![CDATA[java.lang.AssertionError: expected [true] but found [false]
at org.testng.Assert.fail(Assert.java:111)
at org.testng.Assert.failNotEquals(Assert.java:1578)
at org.testng.Assert.assertTrue(Assert.java:57)
at org.testng.Assert.assertTrue(Assert.java:67)
at script.ValidLogin.testValidLogin(ValidLogin.java:36)
at java.base/jdk.internal.reflect.DirectMethodHandleAccessor.invoke(DirectMethodHandleAccessor.java:103)
at java.base/java.lang.reflect.Method.invoke(Method.java:580)
at org.testng.internal.invokers.MethodInvocationHelper.invokeMethod(MethodInvocationHelper.java:139)
at org.testng.internal.invokers.TestInvoker.invokeMethod(TestInvoker.java:664)
at org.testng.internal.invokers.TestInvoker.invokeTestMethod(TestInvoker.java:228)
at org.testng.internal.invokers.MethodRunner.runInSequence(MethodRunner.java:63)
at org.testng.internal.invokers.TestInvoker$MethodInvocationAgent.invoke(TestInvoker.java:961)
at org.testng.internal.invokers.TestInvoker.invokeTestMethods(TestInvoker.java:201)
at org.testng.internal.invokers.TestMethodWorker.invokeTestMethods(TestMethodWorker.java:148)
at org.testng.internal.invokers.TestMethodWorker.run(TestMethodWorker.java:128)
at java.base/java.util.ArrayList.forEach(ArrayList.java:1596)
at org.testng.TestRunner.privateRun(TestRunner.java:819)
at org.testng.TestRunner.run(TestRunner.java:619)
at org.testng.SuiteRunner.runTest(SuiteRunner.java:443)
at org.testng.SuiteRunner$SuiteWorker.run(SuiteRunner.java:481)
at org.testng.internal.thread.ThreadUtil.lambda$execute$0(ThreadUtil.java:58)
at java.base/java.util.concurrent.FutureTask.run(FutureTask.java:317)
at java.base/java.util.concurrent.ThreadPoolExecutor.runWorker(ThreadPoolExecutor.java:1144)
at java.base/java.util.concurrent.ThreadPoolExecutor$Worker.run(ThreadPoolExecutor.java:642)
at java.base/java.lang.Thread.run(Thread.java:1583)
]]>
            </full-stacktrace>
          </exception> <!-- java.lang.AssertionError -->
          <reporter-output>
            <line>
              <![CDATA[HomePage is NOT Displayed]]>
            </line>
          </reporter-output>
        </test-method> <!-- testValidLogin -->
        <test-method is-config="true" signature="postCondition(org.testng.ITestResult)[pri:0, instance:script.ValidLogin@22ff4249]" started-at="2024-03-27T11:51:48 IST" name="postCondition" finished-at="2024-03-27T11:51:53 IST" duration-ms="4477" status="PASS">
          <params>
            <param index="0">
              <value>
                <![CDATA[[TestResult name=testValidLogin status=FAILURE method=ValidLogin.testValidLogin()[pri:1, instance:script.ValidLogin@22ff4249] output=HomePage is NOT Displayed]]]>
              </value>
            </param>
          </params>
          <reporter-output>
          </reporter-output>
        </test-method> <!-- postCondition -->
      </class> <!-- script.ValidLogin -->
      <class name="script.DemoTest">
        <test-method is-config="true" signature="preCondition(java.lang.reflect.Method,java.lang.String,java.lang.String,java.lang.String)[pri:0, instance:script.DemoTest@36ebc363]" started-at="2024-03-27T11:51:10 IST" name="preCondition" finished-at="2024-03-27T11:51:16 IST" duration-ms="6169" status="PASS">
          <params>
            <param index="0">
              <value>
                <![CDATA[public void script.DemoTest.testValidLogin()]]>
              </value>
            </param>
            <param index="1">
              <value>
                <![CDATA[edge]]>
              </value>
            </param>
            <param index="2">
              <value>
                <![CDATA[No]]>
              </value>
            </param>
            <param index="3">
              <value>
                <![CDATA[https://oauth-subhashri.padmalaya-168a0:aa2d7d68-ed7b-403f-b5ab-e62f5e31eb0d@ondemand.eu-central-1.saucelabs.com:443/wd/hub]]>
              </value>
            </param>
          </params>
          <reporter-output>
          </reporter-output>
        </test-method> <!-- preCondition -->
        <test-method signature="testValidLogin()[pri:0, instance:script.DemoTest@36ebc363]" started-at="2024-03-27T11:51:16 IST" name="testValidLogin" finished-at="2024-03-27T11:51:16 IST" duration-ms="65" status="FAIL">
          <exception class="java.lang.AssertionError">
            <message>
              <![CDATA[expected [xyz] but found [abc]]]>
            </message>
            <full-stacktrace>
              <![CDATA[java.lang.AssertionError: expected [xyz] but found [abc]
at org.testng.Assert.fail(Assert.java:111)
at org.testng.Assert.failNotEquals(Assert.java:1578)
at org.testng.Assert.assertEqualsImpl(Assert.java:150)
at org.testng.Assert.assertEquals(Assert.java:132)
at org.testng.Assert.assertEquals(Assert.java:656)
at org.testng.Assert.assertEquals(Assert.java:666)
at script.DemoTest.testValidLogin(DemoTest.java:19)
at java.base/jdk.internal.reflect.DirectMethodHandleAccessor.invoke(DirectMethodHandleAccessor.java:103)
at java.base/java.lang.reflect.Method.invoke(Method.java:580)
at org.testng.internal.invokers.MethodInvocationHelper.invokeMethod(MethodInvocationHelper.java:139)
at org.testng.internal.invokers.TestInvoker.invokeMethod(TestInvoker.java:664)
at org.testng.internal.invokers.TestInvoker.invokeTestMethod(TestInvoker.java:228)
at org.testng.internal.invokers.MethodRunner.runInSequence(MethodRunner.java:63)
at org.testng.internal.invokers.TestInvoker$MethodInvocationAgent.invoke(TestInvoker.java:961)
at org.testng.internal.invokers.TestInvoker.invokeTestMethods(TestInvoker.java:201)
at org.testng.internal.invokers.TestMethodWorker.invokeTestMethods(TestMethodWorker.java:148)
at org.testng.internal.invokers.TestMethodWorker.run(TestMethodWorker.java:128)
at java.base/java.util.ArrayList.forEach(ArrayList.java:1596)
at org.testng.TestRunner.privateRun(TestRunner.java:819)
at org.testng.TestRunner.run(TestRunner.java:619)
at org.testng.SuiteRunner.runTest(SuiteRunner.java:443)
at org.testng.SuiteRunner$SuiteWorker.run(SuiteRunner.java:481)
at org.testng.internal.thread.ThreadUtil.lambda$execute$0(ThreadUtil.java:58)
at java.base/java.util.concurrent.FutureTask.run(FutureTask.java:317)
at java.base/java.util.concurrent.ThreadPoolExecutor.runWorker(ThreadPoolExecutor.java:1144)
at java.base/java.util.concurrent.ThreadPoolExecutor$Worker.run(ThreadPoolExecutor.java:642)
at java.base/java.lang.Thread.run(Thread.java:1583)
]]>
            </full-stacktrace>
          </exception> <!-- java.lang.AssertionError -->
          <reporter-output>
            <line>
              <![CDATA[Mkart | OSPOS | Login]]>
            </line>
          </reporter-output>
        </test-method> <!-- testValidLogin -->
        <test-method is-config="true" signature="postCondition(org.testng.ITestResult)[pri:0, instance:script.DemoTest@36ebc363]" started-at="2024-03-27T11:51:16 IST" name="postCondition" finished-at="2024-03-27T11:51:23 IST" duration-ms="7215" status="PASS">
          <params>
            <param index="0">
              <value>
                <![CDATA[[TestResult name=testValidLogin status=FAILURE method=DemoTest.testValidLogin()[pri:0, instance:script.DemoTest@36ebc363] output=Mkart | OSPOS | Login]]]>
              </value>
            </param>
          </params>
          <reporter-output>
          </reporter-output>
        </test-method> <!-- postCondition -->
      </class> <!-- script.DemoTest -->
    </test> <!-- RegressionTestOnEdge -->
  </suite> <!-- AutomationSuite -->
</testng-results>
